have_header: checking for sqlite3.h... -------------------- yes

"gcc -o conftest -I/home/uri/.rvm/rubies/ruby-2.3.0/include/ruby-2.3.0/i686-linux -I/home/uri/.rvm/rubies/ruby-2.3.0/include/ruby-2.3.0/ruby/backward -I/home/uri/.rvm/rubies/ruby-2.3.0/include/ruby-2.3.0 -I. -I/usr/local/include -I/opt/local/include -I/usr/include  -D_FILE_OFFSET_BITS=64   -O3 -fno-fast-math -ggdb3 -Wall -Wextra -Wno-unused-parameter -Wno-parentheses -Wno-long-long -Wno-missing-field-initializers -Wunused-variable -Wpointer-arith -Wwrite-strings -Wdeclaration-after-statement -Wimplicit-function-declaration -Wdeprecated-declarations -Wno-packed-bitfield-compat  -fPIC -Wall  -DHAVE_NO_DATETIME_NEWBANG conftest.c  -L. -L/home/uri/.rvm/rubies/ruby-2.3.0/lib -Wl,-R/home/uri/.rvm/rubies/ruby-2.3.0/lib -L/usr/local/lib -Wl,-R/usr/local/lib -L/opt/local/lib -Wl,-R/opt/local/lib -L/usr/lib -Wl,-R/usr/lib -L. -fstack-protector -rdynamic -Wl,-export-dynamic     -Wl,-R/home/uri/.rvm/rubies/ruby-2.3.0/lib -L/home/uri/.rvm/rubies/ruby-2.3.0/lib -lruby  -lpthread -ldl -lcrypt -lm   -lc"
checked program was:
/* begin */
1: #include "ruby.h"
2: 
3: int main(int argc, char **argv)
4: {
5:   return 0;
6: }
/* end */

"gcc -E -I/home/uri/.rvm/rubies/ruby-2.3.0/include/ruby-2.3.0/i686-linux -I/home/uri/.rvm/rubies/ruby-2.3.0/include/ruby-2.3.0/ruby/backward -I/home/uri/.rvm/rubies/ruby-2.3.0/include/ruby-2.3.0 -I. -I/usr/local/include -I/opt/local/include -I/usr/include  -D_FILE_OFFSET_BITS=64   -O3 -fno-fast-math -ggdb3 -Wall -Wextra -Wno-unused-parameter -Wno-parentheses -Wno-long-long -Wno-missing-field-initializers -Wunused-variable -Wpointer-arith -Wwrite-strings -Wdeclaration-after-statement -Wimplicit-function-declaration -Wdeprecated-declarations -Wno-packed-bitfield-compat  -fPIC -Wall  -DHAVE_NO_DATETIME_NEWBANG  conftest.c -o conftest.i"
checked program was:
/* begin */
1: #include "ruby.h"
2: 
3: #include <sqlite3.h>
/* end */

--------------------

have_library: checking for sqlite3_open() in -lsqlite3... -------------------- yes

"gcc -o conftest -I/home/uri/.rvm/rubies/ruby-2.3.0/include/ruby-2.3.0/i686-linux -I/home/uri/.rvm/rubies/ruby-2.3.0/include/ruby-2.3.0/ruby/backward -I/home/uri/.rvm/rubies/ruby-2.3.0/include/ruby-2.3.0 -I. -I/usr/local/include -I/opt/local/include -I/usr/include  -D_FILE_OFFSET_BITS=64   -O3 -fno-fast-math -ggdb3 -Wall -Wextra -Wno-unused-parameter -Wno-parentheses -Wno-long-long -Wno-missing-field-initializers -Wunused-variable -Wpointer-arith -Wwrite-strings -Wdeclaration-after-statement -Wimplicit-function-declaration -Wdeprecated-declarations -Wno-packed-bitfield-compat  -fPIC -Wall  -DHAVE_NO_DATETIME_NEWBANG conftest.c  -L. -L/home/uri/.rvm/rubies/ruby-2.3.0/lib -Wl,-R/home/uri/.rvm/rubies/ruby-2.3.0/lib -L/usr/local/lib -Wl,-R/usr/local/lib -L/opt/local/lib -Wl,-R/opt/local/lib -L/usr/lib -Wl,-R/usr/lib -L. -fstack-protector -rdynamic -Wl,-export-dynamic     -Wl,-R/home/uri/.rvm/rubies/ruby-2.3.0/lib -L/home/uri/.rvm/rubies/ruby-2.3.0/lib -lruby -lsqlite3  -lpthread -ldl -lcrypt -lm   -lc"
conftest.c: In function ‘t’:
conftest.c:13:57: error: ‘sqlite3_open’ undeclared (first use in this function)
 int t(void) { void ((*volatile p)()); p = (void ((*)()))sqlite3_open; return !p; }
                                                         ^
conftest.c:13:57: note: each undeclared identifier is reported only once for each function it appears in
checked program was:
/* begin */
 1: #include "ruby.h"
 2: 
 3: /*top*/
 4: extern int t(void);
 5: int main(int argc, char **argv)
 6: {
 7:   if (argc > 1000000) {
 8:     printf("%p", &t);
 9:   }
10: 
11:   return 0;
12: }
13: int t(void) { void ((*volatile p)()); p = (void ((*)()))sqlite3_open; return !p; }
/* end */

"gcc -o conftest -I/home/uri/.rvm/rubies/ruby-2.3.0/include/ruby-2.3.0/i686-linux -I/home/uri/.rvm/rubies/ruby-2.3.0/include/ruby-2.3.0/ruby/backward -I/home/uri/.rvm/rubies/ruby-2.3.0/include/ruby-2.3.0 -I. -I/usr/local/include -I/opt/local/include -I/usr/include  -D_FILE_OFFSET_BITS=64   -O3 -fno-fast-math -ggdb3 -Wall -Wextra -Wno-unused-parameter -Wno-parentheses -Wno-long-long -Wno-missing-field-initializers -Wunused-variable -Wpointer-arith -Wwrite-strings -Wdeclaration-after-statement -Wimplicit-function-declaration -Wdeprecated-declarations -Wno-packed-bitfield-compat  -fPIC -Wall  -DHAVE_NO_DATETIME_NEWBANG conftest.c  -L. -L/home/uri/.rvm/rubies/ruby-2.3.0/lib -Wl,-R/home/uri/.rvm/rubies/ruby-2.3.0/lib -L/usr/local/lib -Wl,-R/usr/local/lib -L/opt/local/lib -Wl,-R/opt/local/lib -L/usr/lib -Wl,-R/usr/lib -L. -fstack-protector -rdynamic -Wl,-export-dynamic     -Wl,-R/home/uri/.rvm/rubies/ruby-2.3.0/lib -L/home/uri/.rvm/rubies/ruby-2.3.0/lib -lruby -lsqlite3  -lpthread -ldl -lcrypt -lm   -lc"
checked program was:
/* begin */
 1: #include "ruby.h"
 2: 
 3: /*top*/
 4: extern int t(void);
 5: int main(int argc, char **argv)
 6: {
 7:   if (argc > 1000000) {
 8:     printf("%p", &t);
 9:   }
10: 
11:   return 0;
12: }
13: extern void sqlite3_open();
14: int t(void) { sqlite3_open(); return 0; }
/* end */

--------------------

have_func: checking for localtime_r()... -------------------- yes

"gcc -o conftest -I/home/uri/.rvm/rubies/ruby-2.3.0/include/ruby-2.3.0/i686-linux -I/home/uri/.rvm/rubies/ruby-2.3.0/include/ruby-2.3.0/ruby/backward -I/home/uri/.rvm/rubies/ruby-2.3.0/include/ruby-2.3.0 -I. -I/usr/local/include -I/opt/local/include -I/usr/include  -D_FILE_OFFSET_BITS=64   -O3 -fno-fast-math -ggdb3 -Wall -Wextra -Wno-unused-parameter -Wno-parentheses -Wno-long-long -Wno-missing-field-initializers -Wunused-variable -Wpointer-arith -Wwrite-strings -Wdeclaration-after-statement -Wimplicit-function-declaration -Wdeprecated-declarations -Wno-packed-bitfield-compat  -fPIC -Wall  -DHAVE_NO_DATETIME_NEWBANG conftest.c  -L. -L/home/uri/.rvm/rubies/ruby-2.3.0/lib -Wl,-R/home/uri/.rvm/rubies/ruby-2.3.0/lib -L/usr/local/lib -Wl,-R/usr/local/lib -L/opt/local/lib -Wl,-R/opt/local/lib -L/usr/lib -Wl,-R/usr/lib -L. -fstack-protector -rdynamic -Wl,-export-dynamic    -lsqlite3  -Wl,-R/home/uri/.rvm/rubies/ruby-2.3.0/lib -L/home/uri/.rvm/rubies/ruby-2.3.0/lib -lruby -lsqlite3  -lpthread -ldl -lcrypt -lm   -lc"
conftest.c: In function ‘t’:
conftest.c:13:57: error: ‘localtime_r’ undeclared (first use in this function)
 int t(void) { void ((*volatile p)()); p = (void ((*)()))localtime_r; return !p; }
                                                         ^
conftest.c:13:57: note: each undeclared identifier is reported only once for each function it appears in
checked program was:
/* begin */
 1: #include "ruby.h"
 2: 
 3: /*top*/
 4: extern int t(void);
 5: int main(int argc, char **argv)
 6: {
 7:   if (argc > 1000000) {
 8:     printf("%p", &t);
 9:   }
10: 
11:   return 0;
12: }
13: int t(void) { void ((*volatile p)()); p = (void ((*)()))localtime_r; return !p; }
/* end */

"gcc -o conftest -I/home/uri/.rvm/rubies/ruby-2.3.0/include/ruby-2.3.0/i686-linux -I/home/uri/.rvm/rubies/ruby-2.3.0/include/ruby-2.3.0/ruby/backward -I/home/uri/.rvm/rubies/ruby-2.3.0/include/ruby-2.3.0 -I. -I/usr/local/include -I/opt/local/include -I/usr/include  -D_FILE_OFFSET_BITS=64   -O3 -fno-fast-math -ggdb3 -Wall -Wextra -Wno-unused-parameter -Wno-parentheses -Wno-long-long -Wno-missing-field-initializers -Wunused-variable -Wpointer-arith -Wwrite-strings -Wdeclaration-after-statement -Wimplicit-function-declaration -Wdeprecated-declarations -Wno-packed-bitfield-compat  -fPIC -Wall  -DHAVE_NO_DATETIME_NEWBANG conftest.c  -L. -L/home/uri/.rvm/rubies/ruby-2.3.0/lib -Wl,-R/home/uri/.rvm/rubies/ruby-2.3.0/lib -L/usr/local/lib -Wl,-R/usr/local/lib -L/opt/local/lib -Wl,-R/opt/local/lib -L/usr/lib -Wl,-R/usr/lib -L. -fstack-protector -rdynamic -Wl,-export-dynamic    -lsqlite3  -Wl,-R/home/uri/.rvm/rubies/ruby-2.3.0/lib -L/home/uri/.rvm/rubies/ruby-2.3.0/lib -lruby -lsqlite3  -lpthread -ldl -lcrypt -lm   -lc"
checked program was:
/* begin */
 1: #include "ruby.h"
 2: 
 3: /*top*/
 4: extern int t(void);
 5: int main(int argc, char **argv)
 6: {
 7:   if (argc > 1000000) {
 8:     printf("%p", &t);
 9:   }
10: 
11:   return 0;
12: }
13: extern void localtime_r();
14: int t(void) { localtime_r(); return 0; }
/* end */

--------------------

have_func: checking for gmtime_r()... -------------------- yes

"gcc -o conftest -I/home/uri/.rvm/rubies/ruby-2.3.0/include/ruby-2.3.0/i686-linux -I/home/uri/.rvm/rubies/ruby-2.3.0/include/ruby-2.3.0/ruby/backward -I/home/uri/.rvm/rubies/ruby-2.3.0/include/ruby-2.3.0 -I. -I/usr/local/include -I/opt/local/include -I/usr/include  -D_FILE_OFFSET_BITS=64   -O3 -fno-fast-math -ggdb3 -Wall -Wextra -Wno-unused-parameter -Wno-parentheses -Wno-long-long -Wno-missing-field-initializers -Wunused-variable -Wpointer-arith -Wwrite-strings -Wdeclaration-after-statement -Wimplicit-function-declaration -Wdeprecated-declarations -Wno-packed-bitfield-compat  -fPIC -Wall  -DHAVE_NO_DATETIME_NEWBANG conftest.c  -L. -L/home/uri/.rvm/rubies/ruby-2.3.0/lib -Wl,-R/home/uri/.rvm/rubies/ruby-2.3.0/lib -L/usr/local/lib -Wl,-R/usr/local/lib -L/opt/local/lib -Wl,-R/opt/local/lib -L/usr/lib -Wl,-R/usr/lib -L. -fstack-protector -rdynamic -Wl,-export-dynamic    -lsqlite3  -Wl,-R/home/uri/.rvm/rubies/ruby-2.3.0/lib -L/home/uri/.rvm/rubies/ruby-2.3.0/lib -lruby -lsqlite3  -lpthread -ldl -lcrypt -lm   -lc"
conftest.c: In function ‘t’:
conftest.c:13:57: error: ‘gmtime_r’ undeclared (first use in this function)
 int t(void) { void ((*volatile p)()); p = (void ((*)()))gmtime_r; return !p; }
                                                         ^
conftest.c:13:57: note: each undeclared identifier is reported only once for each function it appears in
checked program was:
/* begin */
 1: #include "ruby.h"
 2: 
 3: /*top*/
 4: extern int t(void);
 5: int main(int argc, char **argv)
 6: {
 7:   if (argc > 1000000) {
 8:     printf("%p", &t);
 9:   }
10: 
11:   return 0;
12: }
13: int t(void) { void ((*volatile p)()); p = (void ((*)()))gmtime_r; return !p; }
/* end */

"gcc -o conftest -I/home/uri/.rvm/rubies/ruby-2.3.0/include/ruby-2.3.0/i686-linux -I/home/uri/.rvm/rubies/ruby-2.3.0/include/ruby-2.3.0/ruby/backward -I/home/uri/.rvm/rubies/ruby-2.3.0/include/ruby-2.3.0 -I. -I/usr/local/include -I/opt/local/include -I/usr/include  -D_FILE_OFFSET_BITS=64   -O3 -fno-fast-math -ggdb3 -Wall -Wextra -Wno-unused-parameter -Wno-parentheses -Wno-long-long -Wno-missing-field-initializers -Wunused-variable -Wpointer-arith -Wwrite-strings -Wdeclaration-after-statement -Wimplicit-function-declaration -Wdeprecated-declarations -Wno-packed-bitfield-compat  -fPIC -Wall  -DHAVE_NO_DATETIME_NEWBANG conftest.c  -L. -L/home/uri/.rvm/rubies/ruby-2.3.0/lib -Wl,-R/home/uri/.rvm/rubies/ruby-2.3.0/lib -L/usr/local/lib -Wl,-R/usr/local/lib -L/opt/local/lib -Wl,-R/opt/local/lib -L/usr/lib -Wl,-R/usr/lib -L. -fstack-protector -rdynamic -Wl,-export-dynamic    -lsqlite3  -Wl,-R/home/uri/.rvm/rubies/ruby-2.3.0/lib -L/home/uri/.rvm/rubies/ruby-2.3.0/lib -lruby -lsqlite3  -lpthread -ldl -lcrypt -lm   -lc"
checked program was:
/* begin */
 1: #include "ruby.h"
 2: 
 3: /*top*/
 4: extern int t(void);
 5: int main(int argc, char **argv)
 6: {
 7:   if (argc > 1000000) {
 8:     printf("%p", &t);
 9:   }
10: 
11:   return 0;
12: }
13: extern void gmtime_r();
14: int t(void) { gmtime_r(); return 0; }
/* end */

--------------------

have_func: checking for sqlite3_prepare_v2()... -------------------- yes

"gcc -o conftest -I/home/uri/.rvm/rubies/ruby-2.3.0/include/ruby-2.3.0/i686-linux -I/home/uri/.rvm/rubies/ruby-2.3.0/include/ruby-2.3.0/ruby/backward -I/home/uri/.rvm/rubies/ruby-2.3.0/include/ruby-2.3.0 -I. -I/usr/local/include -I/opt/local/include -I/usr/include  -D_FILE_OFFSET_BITS=64   -O3 -fno-fast-math -ggdb3 -Wall -Wextra -Wno-unused-parameter -Wno-parentheses -Wno-long-long -Wno-missing-field-initializers -Wunused-variable -Wpointer-arith -Wwrite-strings -Wdeclaration-after-statement -Wimplicit-function-declaration -Wdeprecated-declarations -Wno-packed-bitfield-compat  -fPIC -Wall  -DHAVE_NO_DATETIME_NEWBANG conftest.c  -L. -L/home/uri/.rvm/rubies/ruby-2.3.0/lib -Wl,-R/home/uri/.rvm/rubies/ruby-2.3.0/lib -L/usr/local/lib -Wl,-R/usr/local/lib -L/opt/local/lib -Wl,-R/opt/local/lib -L/usr/lib -Wl,-R/usr/lib -L. -fstack-protector -rdynamic -Wl,-export-dynamic    -lsqlite3  -Wl,-R/home/uri/.rvm/rubies/ruby-2.3.0/lib -L/home/uri/.rvm/rubies/ruby-2.3.0/lib -lruby -lsqlite3  -lpthread -ldl -lcrypt -lm   -lc"
conftest.c: In function ‘t’:
conftest.c:13:57: error: ‘sqlite3_prepare_v2’ undeclared (first use in this function)
 int t(void) { void ((*volatile p)()); p = (void ((*)()))sqlite3_prepare_v2; return !p; }
                                                         ^
conftest.c:13:57: note: each undeclared identifier is reported only once for each function it appears in
checked program was:
/* begin */
 1: #include "ruby.h"
 2: 
 3: /*top*/
 4: extern int t(void);
 5: int main(int argc, char **argv)
 6: {
 7:   if (argc > 1000000) {
 8:     printf("%p", &t);
 9:   }
10: 
11:   return 0;
12: }
13: int t(void) { void ((*volatile p)()); p = (void ((*)()))sqlite3_prepare_v2; return !p; }
/* end */

"gcc -o conftest -I/home/uri/.rvm/rubies/ruby-2.3.0/include/ruby-2.3.0/i686-linux -I/home/uri/.rvm/rubies/ruby-2.3.0/include/ruby-2.3.0/ruby/backward -I/home/uri/.rvm/rubies/ruby-2.3.0/include/ruby-2.3.0 -I. -I/usr/local/include -I/opt/local/include -I/usr/include  -D_FILE_OFFSET_BITS=64   -O3 -fno-fast-math -ggdb3 -Wall -Wextra -Wno-unused-parameter -Wno-parentheses -Wno-long-long -Wno-missing-field-initializers -Wunused-variable -Wpointer-arith -Wwrite-strings -Wdeclaration-after-statement -Wimplicit-function-declaration -Wdeprecated-declarations -Wno-packed-bitfield-compat  -fPIC -Wall  -DHAVE_NO_DATETIME_NEWBANG conftest.c  -L. -L/home/uri/.rvm/rubies/ruby-2.3.0/lib -Wl,-R/home/uri/.rvm/rubies/ruby-2.3.0/lib -L/usr/local/lib -Wl,-R/usr/local/lib -L/opt/local/lib -Wl,-R/opt/local/lib -L/usr/lib -Wl,-R/usr/lib -L. -fstack-protector -rdynamic -Wl,-export-dynamic    -lsqlite3  -Wl,-R/home/uri/.rvm/rubies/ruby-2.3.0/lib -L/home/uri/.rvm/rubies/ruby-2.3.0/lib -lruby -lsqlite3  -lpthread -ldl -lcrypt -lm   -lc"
checked program was:
/* begin */
 1: #include "ruby.h"
 2: 
 3: /*top*/
 4: extern int t(void);
 5: int main(int argc, char **argv)
 6: {
 7:   if (argc > 1000000) {
 8:     printf("%p", &t);
 9:   }
10: 
11:   return 0;
12: }
13: extern void sqlite3_prepare_v2();
14: int t(void) { sqlite3_prepare_v2(); return 0; }
/* end */

--------------------

have_func: checking for sqlite3_open_v2()... -------------------- yes

"gcc -o conftest -I/home/uri/.rvm/rubies/ruby-2.3.0/include/ruby-2.3.0/i686-linux -I/home/uri/.rvm/rubies/ruby-2.3.0/include/ruby-2.3.0/ruby/backward -I/home/uri/.rvm/rubies/ruby-2.3.0/include/ruby-2.3.0 -I. -I/usr/local/include -I/opt/local/include -I/usr/include  -D_FILE_OFFSET_BITS=64   -O3 -fno-fast-math -ggdb3 -Wall -Wextra -Wno-unused-parameter -Wno-parentheses -Wno-long-long -Wno-missing-field-initializers -Wunused-variable -Wpointer-arith -Wwrite-strings -Wdeclaration-after-statement -Wimplicit-function-declaration -Wdeprecated-declarations -Wno-packed-bitfield-compat  -fPIC -Wall  -DHAVE_NO_DATETIME_NEWBANG conftest.c  -L. -L/home/uri/.rvm/rubies/ruby-2.3.0/lib -Wl,-R/home/uri/.rvm/rubies/ruby-2.3.0/lib -L/usr/local/lib -Wl,-R/usr/local/lib -L/opt/local/lib -Wl,-R/opt/local/lib -L/usr/lib -Wl,-R/usr/lib -L. -fstack-protector -rdynamic -Wl,-export-dynamic    -lsqlite3  -Wl,-R/home/uri/.rvm/rubies/ruby-2.3.0/lib -L/home/uri/.rvm/rubies/ruby-2.3.0/lib -lruby -lsqlite3  -lpthread -ldl -lcrypt -lm   -lc"
conftest.c: In function ‘t’:
conftest.c:13:57: error: ‘sqlite3_open_v2’ undeclared (first use in this function)
 int t(void) { void ((*volatile p)()); p = (void ((*)()))sqlite3_open_v2; return !p; }
                                                         ^
conftest.c:13:57: note: each undeclared identifier is reported only once for each function it appears in
checked program was:
/* begin */
 1: #include "ruby.h"
 2: 
 3: /*top*/
 4: extern int t(void);
 5: int main(int argc, char **argv)
 6: {
 7:   if (argc > 1000000) {
 8:     printf("%p", &t);
 9:   }
10: 
11:   return 0;
12: }
13: int t(void) { void ((*volatile p)()); p = (void ((*)()))sqlite3_open_v2; return !p; }
/* end */

"gcc -o conftest -I/home/uri/.rvm/rubies/ruby-2.3.0/include/ruby-2.3.0/i686-linux -I/home/uri/.rvm/rubies/ruby-2.3.0/include/ruby-2.3.0/ruby/backward -I/home/uri/.rvm/rubies/ruby-2.3.0/include/ruby-2.3.0 -I. -I/usr/local/include -I/opt/local/include -I/usr/include  -D_FILE_OFFSET_BITS=64   -O3 -fno-fast-math -ggdb3 -Wall -Wextra -Wno-unused-parameter -Wno-parentheses -Wno-long-long -Wno-missing-field-initializers -Wunused-variable -Wpointer-arith -Wwrite-strings -Wdeclaration-after-statement -Wimplicit-function-declaration -Wdeprecated-declarations -Wno-packed-bitfield-compat  -fPIC -Wall  -DHAVE_NO_DATETIME_NEWBANG conftest.c  -L. -L/home/uri/.rvm/rubies/ruby-2.3.0/lib -Wl,-R/home/uri/.rvm/rubies/ruby-2.3.0/lib -L/usr/local/lib -Wl,-R/usr/local/lib -L/opt/local/lib -Wl,-R/opt/local/lib -L/usr/lib -Wl,-R/usr/lib -L. -fstack-protector -rdynamic -Wl,-export-dynamic    -lsqlite3  -Wl,-R/home/uri/.rvm/rubies/ruby-2.3.0/lib -L/home/uri/.rvm/rubies/ruby-2.3.0/lib -lruby -lsqlite3  -lpthread -ldl -lcrypt -lm   -lc"
checked program was:
/* begin */
 1: #include "ruby.h"
 2: 
 3: /*top*/
 4: extern int t(void);
 5: int main(int argc, char **argv)
 6: {
 7:   if (argc > 1000000) {
 8:     printf("%p", &t);
 9:   }
10: 
11:   return 0;
12: }
13: extern void sqlite3_open_v2();
14: int t(void) { sqlite3_open_v2(); return 0; }
/* end */

--------------------

have_func: checking for sqlite3_enable_load_extension()... -------------------- yes

"gcc -o conftest -I/home/uri/.rvm/rubies/ruby-2.3.0/include/ruby-2.3.0/i686-linux -I/home/uri/.rvm/rubies/ruby-2.3.0/include/ruby-2.3.0/ruby/backward -I/home/uri/.rvm/rubies/ruby-2.3.0/include/ruby-2.3.0 -I. -I/usr/local/include -I/opt/local/include -I/usr/include  -D_FILE_OFFSET_BITS=64   -O3 -fno-fast-math -ggdb3 -Wall -Wextra -Wno-unused-parameter -Wno-parentheses -Wno-long-long -Wno-missing-field-initializers -Wunused-variable -Wpointer-arith -Wwrite-strings -Wdeclaration-after-statement -Wimplicit-function-declaration -Wdeprecated-declarations -Wno-packed-bitfield-compat  -fPIC -Wall  -DHAVE_NO_DATETIME_NEWBANG conftest.c  -L. -L/home/uri/.rvm/rubies/ruby-2.3.0/lib -Wl,-R/home/uri/.rvm/rubies/ruby-2.3.0/lib -L/usr/local/lib -Wl,-R/usr/local/lib -L/opt/local/lib -Wl,-R/opt/local/lib -L/usr/lib -Wl,-R/usr/lib -L. -fstack-protector -rdynamic -Wl,-export-dynamic    -lsqlite3  -Wl,-R/home/uri/.rvm/rubies/ruby-2.3.0/lib -L/home/uri/.rvm/rubies/ruby-2.3.0/lib -lruby -lsqlite3  -lpthread -ldl -lcrypt -lm   -lc"
conftest.c: In function ‘t’:
conftest.c:13:57: error: ‘sqlite3_enable_load_extension’ undeclared (first use in this function)
 int t(void) { void ((*volatile p)()); p = (void ((*)()))sqlite3_enable_load_extension; return !p; }
                                                         ^
conftest.c:13:57: note: each undeclared identifier is reported only once for each function it appears in
checked program was:
/* begin */
 1: #include "ruby.h"
 2: 
 3: /*top*/
 4: extern int t(void);
 5: int main(int argc, char **argv)
 6: {
 7:   if (argc > 1000000) {
 8:     printf("%p", &t);
 9:   }
10: 
11:   return 0;
12: }
13: int t(void) { void ((*volatile p)()); p = (void ((*)()))sqlite3_enable_load_extension; return !p; }
/* end */

"gcc -o conftest -I/home/uri/.rvm/rubies/ruby-2.3.0/include/ruby-2.3.0/i686-linux -I/home/uri/.rvm/rubies/ruby-2.3.0/include/ruby-2.3.0/ruby/backward -I/home/uri/.rvm/rubies/ruby-2.3.0/include/ruby-2.3.0 -I. -I/usr/local/include -I/opt/local/include -I/usr/include  -D_FILE_OFFSET_BITS=64   -O3 -fno-fast-math -ggdb3 -Wall -Wextra -Wno-unused-parameter -Wno-parentheses -Wno-long-long -Wno-missing-field-initializers -Wunused-variable -Wpointer-arith -Wwrite-strings -Wdeclaration-after-statement -Wimplicit-function-declaration -Wdeprecated-declarations -Wno-packed-bitfield-compat  -fPIC -Wall  -DHAVE_NO_DATETIME_NEWBANG conftest.c  -L. -L/home/uri/.rvm/rubies/ruby-2.3.0/lib -Wl,-R/home/uri/.rvm/rubies/ruby-2.3.0/lib -L/usr/local/lib -Wl,-R/usr/local/lib -L/opt/local/lib -Wl,-R/opt/local/lib -L/usr/lib -Wl,-R/usr/lib -L. -fstack-protector -rdynamic -Wl,-export-dynamic    -lsqlite3  -Wl,-R/home/uri/.rvm/rubies/ruby-2.3.0/lib -L/home/uri/.rvm/rubies/ruby-2.3.0/lib -lruby -lsqlite3  -lpthread -ldl -lcrypt -lm   -lc"
checked program was:
/* begin */
 1: #include "ruby.h"
 2: 
 3: /*top*/
 4: extern int t(void);
 5: int main(int argc, char **argv)
 6: {
 7:   if (argc > 1000000) {
 8:     printf("%p", &t);
 9:   }
10: 
11:   return 0;
12: }
13: extern void sqlite3_enable_load_extension();
14: int t(void) { sqlite3_enable_load_extension(); return 0; }
/* end */

--------------------

